0.000000 : createing logger StdoutLogger
0.001002 : Created logger

0.002003 : creating moduel IO

0.002003 : OverlappedModuleIo
0.002003 : RadarCommunicator: 24
0.002003 : parser constructor
0.002503 : subscribe_to_radar_settings -- begin
0.002503 : subscribe_to_radar_settings -- end
0.002503 : RadarInterface - base -- begin
0.002503 : log_trace -- begin
0.003004 : log_trace -- end
0.003004 : git sha: 2f9d26e69e9a
0.003004 : build date: 2017-03-06:13:53:39
0.003004 : RadarInterface - base -- end
0.003004 : open -- begin
0.003004 : ~RadarCommunicator -- begin
0.003502 : ~RadarCommunicator -- end
0.003502 : task ending: reader
0.003502 : ~OverlappedModuleIo
0.003502 : ~PacketDispatcher -- begin
0.003502 : task ending: dispatcher
0.004003 : ~PacketDispatcher -- end
0.004003 : ~ActiveThread: dispatcher
0.004003 : ~ActiveThread: reader
0.004505 : creating moduel IO

0.004505 : OverlappedModuleIo
0.004505 : RadarCommunicator: 24
0.004505 : subscribe_to_presence_single -- begin
0.004505 : subscribe_to_presence_single -- end
0.004505 : subscribe_to_presence_movinglist -- begin
0.004505 : subscribe_to_presence_movinglist -- end
0.004505 : subscribe_to_data_float -- begin
0.004505 : subscribe_to_data_float -- end
0.004505 : subscribe_to_data_string -- begin
0.005005 : subscribe_to_data_string -- end
0.005005 : subscribe_to_baseband_iq -- begin
0.005005 : subscribe_to_baseband_iq -- end
0.005005 : subscribe_to_baseband_ap -- begin
0.005005 : subscribe_to_baseband_ap -- end
0.005005 : subscribe_to_system_status -- begin
0.005005 : subscribe_to_system_status -- end
0.005005 : open -- begin
0.005005 : open COM3
0.005005 : Opening serial port "\\.\COM3" - here we go
0.005005 : Error creating file

0.005005 : module_io::open returned error
0.005005 : open -- end
0.005005 : open -- end
0.005005 : nva_create_module_connector 41 - ERROR allocating radar
