0.000000 : createing logger StdoutLogger
0.000999 : Created logger

0.002001 : creating moduel IO

0.002001 : OverlappedModuleIo
0.002001 : RadarCommunicator: 24
0.002001 : parser constructor
0.003002 : subscribe_to_radar_settings -- begin
0.003002 : subscribe_to_radar_settings -- end
0.003002 : RadarInterface - base -- begin
0.003002 : log_trace -- begin
0.003002 : log_trace -- end
0.003002 : git sha: 2f9d26e69e9a
0.003002 : build date: 2017-03-06:13:53:39
0.003002 : RadarInterface - base -- end
0.003002 : open -- begin
0.003002 : ~RadarCommunicator -- begin
0.003002 : ~RadarCommunicator -- end
0.003002 : task ending: reader
0.005003 : ~OverlappedModuleIo
0.005003 : ~PacketDispatcher -- begin
0.005003 : task ending: dispatcher
0.005003 : ~PacketDispatcher -- end
0.005003 : ~ActiveThread: dispatcher
0.005003 : ~ActiveThread: reader
0.005003 : creating moduel IO

0.006003 : OverlappedModuleIo
0.006003 : RadarCommunicator: 24
0.006003 : subscribe_to_presence_single -- begin
0.006003 : subscribe_to_presence_single -- end
0.006003 : subscribe_to_presence_movinglist -- begin
0.006003 : subscribe_to_presence_movinglist -- end
0.006003 : subscribe_to_data_float -- begin
0.006003 : subscribe_to_data_float -- end
0.006003 : subscribe_to_data_string -- begin
0.006003 : subscribe_to_data_string -- end
0.006003 : subscribe_to_baseband_iq -- begin
0.006003 : subscribe_to_baseband_iq -- end
0.006003 : subscribe_to_baseband_ap -- begin
0.006003 : subscribe_to_baseband_ap -- end
0.006003 : subscribe_to_system_status -- begin
0.006003 : subscribe_to_system_status -- end
0.006003 : open -- begin
0.006003 : open COM3
0.006003 : Opening serial port "\\.\COM3" - here we go
0.006003 : Error creating file

0.006003 : module_io::open returned error
0.006003 : open -- end
0.006003 : open -- end
0.006003 : nva_create_module_connector 41 - ERROR allocating radar
