0.000000 : createing logger StdoutLogger
0.001997 : Created logger

0.002999 : creating moduel IO

0.002999 : OverlappedModuleIo
0.002999 : RadarCommunicator: 24
0.002999 : parser constructor
0.003999 : subscribe_to_radar_settings -- begin
0.003999 : subscribe_to_radar_settings -- end
0.003999 : RadarInterface - base -- begin
0.003999 : log_trace -- begin
0.003999 : log_trace -- end
0.003999 : git sha: 2f9d26e69e9a
0.003999 : build date: 2017-03-06:13:53:39
0.003999 : RadarInterface - base -- end
0.003999 : open -- begin
0.003999 : ~RadarCommunicator -- begin
0.004999 : ~RadarCommunicator -- end
0.004999 : task ending: reader
0.006000 : ~OverlappedModuleIo
0.006000 : ~PacketDispatcher -- begin
0.006000 : task ending: dispatcher
0.006000 : ~PacketDispatcher -- end
0.006000 : ~ActiveThread: dispatcher
0.006000 : ~ActiveThread: reader
0.007001 : creating moduel IO

0.007001 : OverlappedModuleIo
0.007001 : RadarCommunicator: 24
0.007001 : subscribe_to_presence_single -- begin
0.007001 : subscribe_to_presence_single -- end
0.007001 : subscribe_to_presence_movinglist -- begin
0.008000 : subscribe_to_presence_movinglist -- end
0.008000 : subscribe_to_data_float -- begin
0.008000 : subscribe_to_data_float -- end
0.008000 : subscribe_to_data_string -- begin
0.008000 : subscribe_to_data_string -- end
0.008000 : subscribe_to_baseband_iq -- begin
0.008000 : subscribe_to_baseband_iq -- end
0.008000 : subscribe_to_baseband_ap -- begin
0.008000 : subscribe_to_baseband_ap -- end
0.008000 : subscribe_to_system_status -- begin
0.008000 : subscribe_to_system_status -- end
0.008000 : open -- begin
0.008000 : open COM3
0.008000 : Opening serial port "\\.\COM3" - here we go
0.009001 : Error creating file

0.009001 : module_io::open returned error
0.009001 : open -- end
0.009001 : open -- end
0.009001 : nva_create_module_connector 41 - ERROR allocating radar
