0.000009 : createing logger StdoutLogger
0.000380 : creating LinuxModuleIo
0.000513 : RadarCommunicator: 24
0.000536 : parser constructor
0.000683 : subscribe_to_radar_settings -- begin
0.000908 : subscribe_to_radar_settings -- end
0.000933 : RadarInterface - base -- begin
0.000948 : log_trace -- begin
0.001004 : log_trace -- end
0.001023 : git sha: 2f9d26e69e9a
0.001035 : build date: 2017-03-06:13:34:40
0.001044 : RadarInterface - base -- end
0.001054 : RadarInterface - chained 1 -- begin
0.001066 : subscribe_to_presence_single -- begin
0.001190 : subscribe_to_presence_single -- end
0.001209 : subscribe_to_presence_movinglist -- begin
0.001296 : subscribe_to_presence_movinglist -- end
0.001341 : subscribe_to_data_float -- begin
0.001451 : subscribe_to_data_float -- end
0.001503 : subscribe_to_data_string -- begin
0.001610 : subscribe_to_data_string -- end
0.001672 : subscribe_to_baseband_iq -- begin
0.001740 : subscribe_to_baseband_iq -- end
0.001758 : subscribe_to_baseband_ap -- begin
0.001800 : subscribe_to_baseband_ap -- end
0.001816 : subscribe_to_system_status -- begin
0.001858 : subscribe_to_system_status -- end
0.001875 : open -- begin
0.001888 : LinuxModuleIo::open -- begin
0.001938 : open: 50 -- Error opening file: /dev/ttyACM1

0.001950 : LinuxModuleIo::open -- end
0.001959 : module_io::open returned error
0.001968 : open -- end
