0.000015 : createing logger StdoutLogger
0.000970 : creating LinuxModuleIo
0.001145 : RadarCommunicator: 24
0.001173 : parser constructor
0.001480 : subscribe_to_radar_settings -- begin
0.001695 : subscribe_to_radar_settings -- end
0.001722 : RadarInterface - base -- begin
0.001743 : log_trace -- begin
0.001813 : log_trace -- end
0.001832 : git sha: 2f9d26e69e9a
0.001842 : build date: 2017-03-06:13:34:40
0.001851 : RadarInterface - base -- end
0.001860 : RadarInterface - chained 1 -- begin
0.001873 : subscribe_to_presence_single -- begin
0.002002 : subscribe_to_presence_single -- end
0.002023 : subscribe_to_presence_movinglist -- begin
0.002088 : subscribe_to_presence_movinglist -- end
0.002109 : subscribe_to_data_float -- begin
0.002155 : subscribe_to_data_float -- end
0.002173 : subscribe_to_data_string -- begin
0.002217 : subscribe_to_data_string -- end
0.002239 : subscribe_to_baseband_iq -- begin
0.002285 : subscribe_to_baseband_iq -- end
0.002304 : subscribe_to_baseband_ap -- begin
0.002345 : subscribe_to_baseband_ap -- end
0.002364 : subscribe_to_system_status -- begin
0.002405 : subscribe_to_system_status -- end
0.002423 : open -- begin
0.002435 : LinuxModuleIo::open -- begin
0.002617 : LinuxModuleIo::open -- end
0.002657 : open -- end
0.002666 : RadarInterface - chained 1 -- end
0.002736 : ping -- begin
0.002807 : sending: 
0.002843 : 8: {0x7d, 0x1, 0xae, 0xea, 0xaa, 0xee, 0x7c, 0x7e, }
0.002871 : sent
0.003124 : 8: {0x7d, 0x1, 0xea, 0xae, 0xee, 0xaa, 0x7c, 0x7e, }
0.003189 : dispatching packet: 
0.003207 : 5: {0x1, 0xea, 0xae, 0xee, 0xaa, }
0.003971 : ping -- end
0.004378 : ~RadarInterface -- begin
0.004409 : ~RadarInterface -- end
0.004443 : unsubscribe -- begin
0.004494 : unsubscribe -- end
0.004563 : task ending: recorder
0.004667 : ~ActiveThread: recorder
0.004715 : ~RadarCommunicator -- begin
0.004759 : ~RadarCommunicator -- end
0.013504 : task ending: reader
0.013758 : Closing: /dev/ttyACM0
0.015277 : ~PacketDispatcher -- begin
0.015519 : task ending: dispatcher
0.015713 : ~PacketDispatcher -- end
0.015836 : ~ActiveThread: dispatcher
0.015906 : ~ActiveThread: reader
0.016008 : ~StdoutLogger
