0.000011 : createing logger StdoutLogger
0.000447 : creating LinuxModuleIo
0.000588 : RadarCommunicator: 24
0.000608 : parser constructor
0.000758 : subscribe_to_radar_settings -- begin
0.000946 : subscribe_to_radar_settings -- end
0.000969 : RadarInterface - base -- begin
0.000981 : log_trace -- begin
0.001028 : log_trace -- end
0.001043 : git sha: 2f9d26e69e9a
0.001049 : build date: 2017-03-06:13:34:40
0.001053 : RadarInterface - base -- end
0.001058 : RadarInterface - chained 1 -- begin
0.001065 : subscribe_to_presence_single -- begin
0.001164 : subscribe_to_presence_single -- end
0.001181 : subscribe_to_presence_movinglist -- begin
0.001222 : subscribe_to_presence_movinglist -- end
0.001239 : subscribe_to_data_float -- begin
0.001270 : subscribe_to_data_float -- end
0.001284 : subscribe_to_data_string -- begin
0.001315 : subscribe_to_data_string -- end
0.001329 : subscribe_to_baseband_iq -- begin
0.001362 : subscribe_to_baseband_iq -- end
0.001377 : subscribe_to_baseband_ap -- begin
0.001407 : subscribe_to_baseband_ap -- end
0.001421 : subscribe_to_system_status -- begin
0.001451 : subscribe_to_system_status -- end
0.001464 : open -- begin
0.001471 : LinuxModuleIo::open -- begin
0.001507 : open: 50 -- Error opening file: /dev/ttyACM1

0.001513 : LinuxModuleIo::open -- end
0.001517 : module_io::open returned error
0.001521 : open -- end
