0.000012 : createing logger StdoutLogger
0.000311 : creating LinuxModuleIo
0.000431 : RadarCommunicator: 24
0.000453 : parser constructor
0.000590 : subscribe_to_radar_settings -- begin
0.000782 : subscribe_to_radar_settings -- end
0.000805 : RadarInterface - base -- begin
0.000816 : log_trace -- begin
0.000870 : log_trace -- end
0.000888 : git sha: 2f9d26e69e9a
0.000899 : build date: 2017-03-06:13:34:40
0.000908 : RadarInterface - base -- end
0.000917 : RadarInterface - chained 1 -- begin
0.000929 : subscribe_to_presence_single -- begin
0.001034 : subscribe_to_presence_single -- end
0.001054 : subscribe_to_presence_movinglist -- begin
0.001106 : subscribe_to_presence_movinglist -- end
0.001122 : subscribe_to_data_float -- begin
0.001164 : subscribe_to_data_float -- end
0.001181 : subscribe_to_data_string -- begin
0.001223 : subscribe_to_data_string -- end
0.001241 : subscribe_to_baseband_iq -- begin
0.001283 : subscribe_to_baseband_iq -- end
0.001303 : subscribe_to_baseband_ap -- begin
0.001344 : subscribe_to_baseband_ap -- end
0.001362 : subscribe_to_system_status -- begin
0.001403 : subscribe_to_system_status -- end
0.001418 : open -- begin
0.001430 : LinuxModuleIo::open -- begin
0.001468 : open: 50 -- Error opening file: /dev/tty1

0.001479 : LinuxModuleIo::open -- end
0.001488 : module_io::open returned error
0.001496 : open -- end
