0.000887 : subscribe_to_radar_settings -- begin
0.001277 : subscribe_to_radar_settings -- end
0.001306 : RadarInterface - base -- begin
0.001321 : log_trace -- begin
0.001385 : log_trace -- end
0.001407 : git sha: 2f9d26e69e9a
0.001422 : build date: 2017-03-06:13:34:40
0.001431 : RadarInterface - base -- end
0.001438 : RadarInterface - chained 1 -- begin
0.001449 : subscribe_to_presence_single -- begin
0.001589 : subscribe_to_presence_single -- end
0.001610 : subscribe_to_presence_movinglist -- begin
0.001668 : subscribe_to_presence_movinglist -- end
0.001691 : subscribe_to_data_float -- begin
0.001737 : subscribe_to_data_float -- end
0.001762 : subscribe_to_data_string -- begin
0.001812 : subscribe_to_data_string -- end
0.001834 : subscribe_to_baseband_iq -- begin
0.001879 : subscribe_to_baseband_iq -- end
0.001902 : subscribe_to_baseband_ap -- begin
0.001945 : subscribe_to_baseband_ap -- end
0.001973 : subscribe_to_system_status -- begin
0.002019 : subscribe_to_system_status -- end
0.002043 : open -- begin
0.002056 : LinuxModuleIo::open -- begin
0.002261 : LinuxModuleIo::open -- end
0.002315 : open -- end
0.002325 : RadarInterface - chained 1 -- end
0.002944 : subscribe_to_baseband_ap -- begin
0.003090 : subscribe_to_baseband_ap -- end
0.003133 : subscribe_to_sleep_status -- begin
0.003174 : subscribe_to_sleep_status -- end
0.003263 : load_profile -- begin
0.003331 : sending: 
0.003360 : 8: {0x7d, 0x21, 0x17, 0x7b, 0xf1, 0x0, 0xc1, 0x7e, }
0.003387 : sent
0.005741 : dispatching packet: 
0.005776 : 5: {0x20, 0x1, 0x0, 0x0, 0x0, }
0.006013 : load_profile -- end
0.006068 : load profile failed error code: 1
0.006088 : enable_baseband -- begin
0.006138 : sending: 
0.006157 : 17: {0x7d, 0x90, 0x71, 0x10, 0x0, 0x0, 0x0, 0x1, 0x0, 0x0, 0x0, 0x2, 0x0, 0x0, 0x0, 0x8f, 0x7e, }
0.006174 : sent
0.015824 : dispatching packet: 
0.015892 : 5: {0x20, 0x1, 0x0, 0x0, 0x0, }
0.016117 : enable_baseband -- end
0.016226 : enable baseband file error code: 1
0.016255 : set_sensor_mode -- begin
0.016265 : set_sensor_mode_and_submode -- begin
0.016351 : sending: 
0.016375 : 5: {0x7d, 0x20, 0x1, 0x5c, 0x7e, }
0.016407 : sent
0.026327 : dispatching packet: 
0.026375 : 5: {0x20, 0x1, 0x0, 0x0, 0x0, }
0.026573 : set_sensor_mode_and_submode -- end
0.026621 : set_sensor_mode -- end
0.026652 : set sensor mode failed error code: 1
18.441092 : ~RadarInterface -- begin
18.441246 : ~RadarInterface -- end
18.441437 : unsubscribe -- begin
18.441631 : unsubscribe -- end
18.441891 : unsubscribe -- begin
18.441994 : unsubscribe -- end
18.442207 : unsubscribe -- begin
18.442320 : unsubscribe -- end
18.443018 : ~RadarCommunicator -- begin
18.443436 : ~RadarCommunicator -- end
18.450485 : Closing: /dev/ttyACM0
18.451452 : ~PacketDispatcher -- begin
18.452545 : ~PacketDispatcher -- end
