0.000014 : createing logger StdoutLogger
0.000812 : creating LinuxModuleIo
0.000982 : RadarCommunicator: 24
0.001006 : parser constructor
0.001259 : subscribe_to_radar_settings -- begin
0.001511 : subscribe_to_radar_settings -- end
0.001536 : RadarInterface - base -- begin
0.001550 : log_trace -- begin
0.001609 : log_trace -- end
0.001636 : git sha: 2f9d26e69e9a
0.001648 : build date: 2017-03-06:13:34:40
0.001655 : RadarInterface - base -- end
0.001662 : RadarInterface - chained 1 -- begin
0.001672 : subscribe_to_presence_single -- begin
0.001798 : subscribe_to_presence_single -- end
0.001812 : subscribe_to_presence_movinglist -- begin
0.001864 : subscribe_to_presence_movinglist -- end
0.001879 : subscribe_to_data_float -- begin
0.001913 : subscribe_to_data_float -- end
0.001927 : subscribe_to_data_string -- begin
0.001959 : subscribe_to_data_string -- end
0.001971 : subscribe_to_baseband_iq -- begin
0.002008 : subscribe_to_baseband_iq -- end
0.002022 : subscribe_to_baseband_ap -- begin
0.002056 : subscribe_to_baseband_ap -- end
0.002068 : subscribe_to_system_status -- begin
0.002100 : subscribe_to_system_status -- end
0.002112 : open -- begin
0.002133 : LinuxModuleIo::open -- begin
0.002471 : LinuxModuleIo::open -- end
0.002701 : 15: {0x7d, 0x30, 0x10, 0x0, 0x0, 0x0, 0x5d, 0x7e, 0x7d, 0x30, 0x0, 0x0, 0x0, 0x5c, 0x7e, }
0.002857 : dispatching packet: 
0.002934 : 5: {0x30, 0x10, 0x0, 0x0, 0x0, }
0.003242 : Error parsing incoming data: 1
0.003298 : 8: {0x7d, 0x20, 0x1, 0x0, 0x0, 0x0, 0x5c, 0x7e, }
0.003326 : dispatching packet: 
0.003337 : 5: {0x20, 0x1, 0x0, 0x0, 0x0, }
0.003363 : open -- end
0.003377 : RadarInterface - chained 1 -- end
0.003394 : do_dispatch_packet, 84 -- we did not find a handler for this package
0.003449 : 5: {0x20, 0x1, 0x0, 0x0, 0x0, }
0.005142 : ping -- begin
0.005231 : sending: 
0.005251 : 8: {0x7d, 0x1, 0xae, 0xea, 0xaa, 0xee, 0x7c, 0x7e, }
0.005312 : sent
0.022489 : 8: {0x7d, 0x1, 0xea, 0xae, 0xee, 0xaa, 0x7c, 0x7e, }
0.022551 : dispatching packet: 
0.022566 : 5: {0x1, 0xea, 0xae, 0xee, 0xaa, }
0.022792 : ping -- end
0.022885 : ~RadarInterface -- begin
0.022898 : ~RadarInterface -- end
0.023107 : unsubscribe -- begin
0.023158 : unsubscribe -- end
0.023215 : task ending: recorder
0.023314 : ~ActiveThread: recorder
0.023365 : ~RadarCommunicator -- begin
0.023413 : ~RadarCommunicator -- end
0.032861 : task ending: reader
0.033116 : Closing: /dev/ttyACM0
0.034678 : ~PacketDispatcher -- begin
0.034916 : task ending: dispatcher
0.035112 : ~PacketDispatcher -- end
0.035230 : ~ActiveThread: dispatcher
0.035300 : ~ActiveThread: reader
0.035398 : ~StdoutLogger
