0.000068 : createing logger StdoutLogger
0.001346 : creating LinuxModuleIo
0.001741 : RadarCommunicator: 24
0.001824 : parser constructor
0.002404 : subscribe_to_radar_settings -- begin
0.002973 : subscribe_to_radar_settings -- end
0.003036 : RadarInterface - base -- begin
0.003066 : log_trace -- begin
0.003194 : log_trace -- end
0.003230 : git sha: 2f9d26e69e9a
0.003251 : build date: 2017-03-06:13:34:40
0.003267 : RadarInterface - base -- end
0.003284 : RadarInterface - chained 1 -- begin
0.003307 : subscribe_to_presence_single -- begin
0.003580 : subscribe_to_presence_single -- end
0.003614 : subscribe_to_presence_movinglist -- begin
0.003729 : subscribe_to_presence_movinglist -- end
0.003763 : subscribe_to_data_float -- begin
0.003844 : subscribe_to_data_float -- end
0.003875 : subscribe_to_data_string -- begin
0.003947 : subscribe_to_data_string -- end
0.003982 : subscribe_to_baseband_iq -- begin
0.004065 : subscribe_to_baseband_iq -- end
0.004106 : subscribe_to_baseband_ap -- begin
0.004184 : subscribe_to_baseband_ap -- end
0.004229 : subscribe_to_system_status -- begin
0.004357 : subscribe_to_system_status -- end
0.004400 : open -- begin
0.004432 : LinuxModuleIo::open -- begin
0.004572 : open: 50 -- Error opening file: /dev/ttyS01

0.004607 : LinuxModuleIo::open -- end
0.004663 : module_io::open returned error
0.004691 : open -- end
