0.000013 : createing logger StdoutLogger
0.000361 : creating LinuxModuleIo
0.000503 : RadarCommunicator: 24
0.000531 : parser constructor
0.000693 : subscribe_to_radar_settings -- begin
0.000921 : subscribe_to_radar_settings -- end
0.000947 : RadarInterface - base -- begin
0.000964 : log_trace -- begin
0.001024 : log_trace -- end
0.001043 : git sha: 2f9d26e69e9a
0.001055 : build date: 2017-03-06:13:34:40
0.001065 : RadarInterface - base -- end
0.001074 : RadarInterface - chained 1 -- begin
0.001088 : subscribe_to_presence_single -- begin
0.001215 : subscribe_to_presence_single -- end
0.001237 : subscribe_to_presence_movinglist -- begin
0.001291 : subscribe_to_presence_movinglist -- end
0.001305 : subscribe_to_data_float -- begin
0.001344 : subscribe_to_data_float -- end
0.001358 : subscribe_to_data_string -- begin
0.001395 : subscribe_to_data_string -- end
0.001410 : subscribe_to_baseband_iq -- begin
0.001451 : subscribe_to_baseband_iq -- end
0.001466 : subscribe_to_baseband_ap -- begin
0.001504 : subscribe_to_baseband_ap -- end
0.001517 : subscribe_to_system_status -- begin
0.001554 : subscribe_to_system_status -- end
0.001567 : open -- begin
0.001579 : LinuxModuleIo::open -- begin
0.001624 : open: 50 -- Error opening file: /dev/tty0

0.001635 : LinuxModuleIo::open -- end
0.001645 : module_io::open returned error
0.001653 : open -- end
