0.000050 : createing logger StdoutLogger
0.001777 : creating LinuxModuleIo
0.003697 : RadarCommunicator: 24
0.003875 : parser constructor
0.005456 : subscribe_to_radar_settings -- begin
0.006377 : subscribe_to_radar_settings -- end
0.006497 : RadarInterface - base -- begin
0.006584 : log_trace -- begin
0.006832 : log_trace -- end
0.006920 : git sha: 2f9d26e69e9a
0.006967 : build date: 2017-03-06:13:34:40
0.007008 : RadarInterface - base -- end
0.007040 : RadarInterface - chained 1 -- begin
0.007082 : subscribe_to_presence_single -- begin
0.007560 : subscribe_to_presence_single -- end
0.007644 : subscribe_to_presence_movinglist -- begin
0.007911 : subscribe_to_presence_movinglist -- end
0.008016 : subscribe_to_data_float -- begin
0.008195 : subscribe_to_data_float -- end
0.008278 : subscribe_to_data_string -- begin
0.008507 : subscribe_to_data_string -- end
0.008616 : subscribe_to_baseband_iq -- begin
0.008911 : subscribe_to_baseband_iq -- end
0.009010 : subscribe_to_baseband_ap -- begin
0.009186 : subscribe_to_baseband_ap -- end
0.009263 : subscribe_to_system_status -- begin
0.009425 : subscribe_to_system_status -- end
0.009497 : open -- begin
0.009544 : LinuxModuleIo::open -- begin
0.009713 : open: 50 -- Error opening file: /dev/ttyACM1

0.009754 : LinuxModuleIo::open -- end
0.009781 : module_io::open returned error
0.009806 : open -- end
