0.000442 : subscribe_to_radar_settings -- begin
0.002466 : subscribe_to_radar_settings -- end
0.002511 : RadarInterface - base -- begin
0.002528 : log_trace -- begin
0.002611 : log_trace -- end
0.002628 : git sha: 2f9d26e69e9a
0.002638 : build date: 2017-03-06:13:34:40
0.002646 : RadarInterface - base -- end
0.002655 : RadarInterface - chained 1 -- begin
0.002667 : subscribe_to_presence_single -- begin
0.002800 : subscribe_to_presence_single -- end
0.002816 : subscribe_to_presence_movinglist -- begin
0.002871 : subscribe_to_presence_movinglist -- end
0.002887 : subscribe_to_data_float -- begin
0.002928 : subscribe_to_data_float -- end
0.002944 : subscribe_to_data_string -- begin
0.002983 : subscribe_to_data_string -- end
0.002999 : subscribe_to_baseband_iq -- begin
0.003040 : subscribe_to_baseband_iq -- end
0.003059 : subscribe_to_baseband_ap -- begin
0.003098 : subscribe_to_baseband_ap -- end
0.003114 : subscribe_to_system_status -- begin
0.003153 : subscribe_to_system_status -- end
0.003167 : open -- begin
0.003178 : LinuxModuleIo::open -- begin
0.003231 : open: 50 -- Error opening file: /tty/ACM0

0.003250 : LinuxModuleIo::open -- end
0.003259 : module_io::open returned error
0.003267 : open -- end
