0.002264 : subscribe_to_radar_settings -- begin
0.003582 : subscribe_to_radar_settings -- end
0.003694 : RadarInterface - base -- begin
0.003747 : log_trace -- begin
0.003978 : log_trace -- end
0.004041 : git sha: 2f9d26e69e9a
0.004071 : build date: 2017-03-06:13:34:40
0.004119 : RadarInterface - base -- end
0.004148 : RadarInterface - chained 1 -- begin
0.004189 : subscribe_to_presence_single -- begin
0.004652 : subscribe_to_presence_single -- end
0.004716 : subscribe_to_presence_movinglist -- begin
0.004911 : subscribe_to_presence_movinglist -- end
0.004974 : subscribe_to_data_float -- begin
0.005130 : subscribe_to_data_float -- end
0.005201 : subscribe_to_data_string -- begin
0.005418 : subscribe_to_data_string -- end
0.005508 : subscribe_to_baseband_iq -- begin
0.005833 : subscribe_to_baseband_iq -- end
0.005950 : subscribe_to_baseband_ap -- begin
0.006123 : subscribe_to_baseband_ap -- end
0.006182 : subscribe_to_system_status -- begin
0.006315 : subscribe_to_system_status -- end
0.006363 : open -- begin
0.006397 : LinuxModuleIo::open -- begin
0.006544 : open: 50 -- Error opening file: /tty/ACM0

0.006586 : LinuxModuleIo::open -- end
0.006614 : module_io::open returned error
0.006640 : open -- end
