0.000011 : createing logger StdoutLogger
0.000349 : creating LinuxModuleIo
0.000463 : RadarCommunicator: 24
0.000483 : parser constructor
0.000622 : subscribe_to_radar_settings -- begin
0.000816 : subscribe_to_radar_settings -- end
0.000848 : RadarInterface - base -- begin
0.000862 : log_trace -- begin
0.000910 : log_trace -- end
0.000926 : git sha: 2f9d26e69e9a
0.000935 : build date: 2017-03-06:13:34:40
0.000941 : RadarInterface - base -- end
0.000948 : RadarInterface - chained 1 -- begin
0.000958 : subscribe_to_presence_single -- begin
0.001055 : subscribe_to_presence_single -- end
0.001073 : subscribe_to_presence_movinglist -- begin
0.001117 : subscribe_to_presence_movinglist -- end
0.001132 : subscribe_to_data_float -- begin
0.001166 : subscribe_to_data_float -- end
0.001182 : subscribe_to_data_string -- begin
0.001215 : subscribe_to_data_string -- end
0.001230 : subscribe_to_baseband_iq -- begin
0.001267 : subscribe_to_baseband_iq -- end
0.001283 : subscribe_to_baseband_ap -- begin
0.001317 : subscribe_to_baseband_ap -- end
0.001332 : subscribe_to_system_status -- begin
0.001365 : subscribe_to_system_status -- end
0.001379 : open -- begin
0.001388 : LinuxModuleIo::open -- begin
0.001422 : open: 50 -- Error opening file: /dev/tty2

0.001432 : LinuxModuleIo::open -- end
0.001439 : module_io::open returned error
0.001445 : open -- end
