0.000078 : createing logger StdoutLogger
0.001562 : creating LinuxModuleIo
0.002109 : RadarCommunicator: 24
0.002211 : parser constructor
0.003001 : subscribe_to_radar_settings -- begin
0.004081 : subscribe_to_radar_settings -- end
0.004240 : RadarInterface - base -- begin
0.004307 : log_trace -- begin
0.004545 : log_trace -- end
0.004602 : git sha: 2f9d26e69e9a
0.004631 : build date: 2017-03-06:13:34:40
0.004679 : RadarInterface - base -- end
0.004723 : RadarInterface - chained 1 -- begin
0.004768 : subscribe_to_presence_single -- begin
0.005207 : subscribe_to_presence_single -- end
0.005265 : subscribe_to_presence_movinglist -- begin
0.005393 : subscribe_to_presence_movinglist -- end
0.005426 : subscribe_to_data_float -- begin
0.005506 : subscribe_to_data_float -- end
0.005536 : subscribe_to_data_string -- begin
0.005608 : subscribe_to_data_string -- end
0.005642 : subscribe_to_baseband_iq -- begin
0.005720 : subscribe_to_baseband_iq -- end
0.005758 : subscribe_to_baseband_ap -- begin
0.005847 : subscribe_to_baseband_ap -- end
0.005887 : subscribe_to_system_status -- begin
0.005976 : subscribe_to_system_status -- end
0.006010 : open -- begin
0.006036 : LinuxModuleIo::open -- begin
0.006305 : LinuxModuleIo::open -- end
0.006422 : open -- end
0.006455 : RadarInterface - chained 1 -- end
0.006584 : ping -- begin
0.006724 : sending: 
0.006809 : 8: {0x7d, 0x1, 0xae, 0xea, 0xaa, 0xee, 0x7c, 0x7e, }
0.006915 : sent
0.007309 : 8: {0x7d, 0x1, 0xea, 0xae, 0xee, 0xaa, 0x7c, 0x7e, }
0.007432 : dispatching packet: 
0.007477 : 5: {0x1, 0xea, 0xae, 0xee, 0xaa, }
0.007856 : ping -- end
0.008019 : ~RadarInterface -- begin
0.008049 : ~RadarInterface -- end
0.008113 : unsubscribe -- begin
0.008217 : unsubscribe -- end
0.008369 : task ending: recorder
0.008620 : ~ActiveThread: recorder
0.008736 : ~RadarCommunicator -- begin
0.008848 : ~RadarCommunicator -- end
0.017869 : task ending: reader
0.018125 : Closing: /dev/ttyACM0
0.019022 : ~PacketDispatcher -- begin
0.019118 : task ending: dispatcher
0.019186 : ~PacketDispatcher -- end
0.019233 : ~ActiveThread: dispatcher
0.019263 : ~ActiveThread: reader
0.019316 : ~StdoutLogger
