0.000013 : createing logger StdoutLogger
0.000491 : creating LinuxModuleIo
0.000648 : RadarCommunicator: 24
0.000676 : parser constructor
0.001273 : subscribe_to_radar_settings -- begin
0.001543 : subscribe_to_radar_settings -- end
0.001590 : RadarInterface - base -- begin
0.001603 : log_trace -- begin
0.001659 : log_trace -- end
0.001679 : git sha: 2f9d26e69e9a
0.001686 : build date: 2017-03-06:13:34:40
0.001691 : RadarInterface - base -- end
0.001696 : RadarInterface - chained 1 -- begin
0.001704 : subscribe_to_presence_single -- begin
0.001824 : subscribe_to_presence_single -- end
0.001843 : subscribe_to_presence_movinglist -- begin
0.001888 : subscribe_to_presence_movinglist -- end
0.001903 : subscribe_to_data_float -- begin
0.001937 : subscribe_to_data_float -- end
0.001952 : subscribe_to_data_string -- begin
0.001987 : subscribe_to_data_string -- end
0.002003 : subscribe_to_baseband_iq -- begin
0.002036 : subscribe_to_baseband_iq -- end
0.002053 : subscribe_to_baseband_ap -- begin
0.002086 : subscribe_to_baseband_ap -- end
0.002101 : subscribe_to_system_status -- begin
0.002134 : subscribe_to_system_status -- end
0.002147 : open -- begin
0.002154 : LinuxModuleIo::open -- begin
0.002190 : open: 50 -- Error opening file: /dev/tty0

0.002198 : LinuxModuleIo::open -- end
0.002202 : module_io::open returned error
0.002207 : open -- end
